[NX Daemon Server] - 2024-11-15T17:03:54.927Z - Started listening on: /tmp/d54a5506f0/d.sock
[NX Daemon Server] - 2024-11-15T17:03:54.930Z - [WATCHER]: Subscribed to changes within: /home/iolk/work/salesteer-js-sdk (native)
[NX Daemon Server] - 2024-11-15T17:03:54.932Z - Established a connection. Number of open connections: 1
[NX Daemon Server] - 2024-11-15T17:03:54.932Z - Established a connection. Number of open connections: 2
[NX Daemon Server] - 2024-11-15T17:03:54.934Z - Closed a connection. Number of open connections: 1
[NX Daemon Server] - 2024-11-15T17:03:54.935Z - [REQUEST]: Client Request for Project Graph Received
[NX Daemon Server] - 2024-11-15T17:03:55.265Z - [REQUEST]: Updated workspace context based on watched changes, recomputing project graph...
[NX Daemon Server] - 2024-11-15T17:03:55.265Z - [REQUEST]: 
[NX Daemon Server] - 2024-11-15T17:03:55.265Z - [REQUEST]: 
[NX Daemon Server] - 2024-11-15T17:03:55.279Z - Time taken for 'loadNxPlugins' 328.56724899999995ms
[NX Daemon Server] - 2024-11-15T17:03:55.987Z - Time taken for 'build-project-configs' 694.467073ms
[NX Daemon Server] - 2024-11-15T17:03:56.504Z - [SYNC]: collect registered sync generators
[NX Daemon Server] - 2024-11-15T17:03:56.507Z - [REQUEST]: Responding to the client. project-graph
[NX Daemon Server] - 2024-11-15T17:03:56.509Z - Time taken for 'total for creating and serializing project graph' 1570.196213ms
[NX Daemon Server] - 2024-11-15T17:03:56.513Z - Done responding to the client project-graph
[NX Daemon Server] - 2024-11-15T17:03:56.513Z - Handled REQUEST_PROJECT_GRAPH. Handling time: 1571. Response time: 8.
[NX Daemon Server] - 2024-11-15T17:03:56.607Z - [REQUEST]: Responding to the client. handleHashTasks
[NX Daemon Server] - 2024-11-15T17:03:56.607Z - Done responding to the client handleHashTasks
[NX Daemon Server] - 2024-11-15T17:03:56.607Z - Handled HASH_TASKS. Handling time: 24. Response time: 0.
[NX Daemon Server] - 2024-11-15T17:03:56.621Z - [REQUEST]: Responding to the client. handleGetEstimatedTaskTimings
[NX Daemon Server] - 2024-11-15T17:03:56.621Z - Done responding to the client handleGetEstimatedTaskTimings
[NX Daemon Server] - 2024-11-15T17:03:56.621Z - Handled GET_ESTIMATED_TASK_TIMINGS. Handling time: 2. Response time: 0.
[NX Daemon Server] - 2024-11-15T17:03:58.972Z - [WATCHER]: Processing file changes in outputs
[NX Daemon Server] - 2024-11-15T17:03:58.980Z - [WATCHER]: packages/core/tsup.config.bundled_qqc7cgfzx8.mjs was deleted
[NX Daemon Server] - 2024-11-15T17:03:59.040Z - [WATCHER]: Processing file changes in outputs
[NX Daemon Server] - 2024-11-15T17:03:59.084Z - [REQUEST]: Updated workspace context based on watched changes, recomputing project graph...
[NX Daemon Server] - 2024-11-15T17:03:59.084Z - [REQUEST]: 
[NX Daemon Server] - 2024-11-15T17:03:59.085Z - [REQUEST]: packages/core/tsup.config.bundled_qqc7cgfzx8.mjs
[NX Daemon Server] - 2024-11-15T17:03:59.101Z - Time taken for 'hash changed files from watcher' 0.2455789999994522ms
[NX Daemon Server] - 2024-11-15T17:03:59.137Z - Time taken for 'build-project-configs' 35.49467000000004ms
[NX Daemon Server] - 2024-11-15T17:03:59.231Z - [SYNC]: collect registered sync generators
[NX Daemon Server] - 2024-11-15T17:03:59.231Z - [SYNC]: project graph hash is the same, not collecting task sync generators
[NX Daemon Server] - 2024-11-15T17:03:59.232Z - [SYNC]: nx.json hash is the same, not collecting global sync generators
[NX Daemon Server] - 2024-11-15T17:03:59.232Z - Time taken for 'total execution time for createProjectGraph()' 79.3397100000002ms
[NX Daemon Server] - 2024-11-15T17:03:59.869Z - [WATCHER]: Processing file changes in outputs
[NX Daemon Server] - 2024-11-15T17:03:59.932Z - [WATCHER]: Processing file changes in outputs
[NX Daemon Server] - 2024-11-15T17:03:59.987Z - [WATCHER]: Processing file changes in outputs
[NX Daemon Server] - 2024-11-15T17:04:11.327Z - [WATCHER]: Processing file changes in outputs
[NX Daemon Server] - 2024-11-15T17:04:28.128Z - [WATCHER]: Processing file changes in outputs
[NX Daemon Server] - 2024-11-15T17:04:28.560Z - [WATCHER]: Processing file changes in outputs
[NX Daemon Server] - 2024-11-15T17:04:28.828Z - [REQUEST]: Responding to the client. recordOutputsHash
[NX Daemon Server] - 2024-11-15T17:04:28.828Z - Done responding to the client recordOutputsHash
[NX Daemon Server] - 2024-11-15T17:04:28.828Z - Handled RECORD_OUTPUTS_HASH. Handling time: 10. Response time: 0.
[NX Daemon Server] - 2024-11-15T17:04:33.031Z - [WATCHER]: Processing file changes in outputs
[NX Daemon Server] - 2024-11-15T17:04:33.200Z - [WATCHER]: Processing file changes in outputs
[NX Daemon Server] - 2024-11-15T17:04:33.324Z - [WATCHER]: Processing file changes in outputs
[NX Daemon Server] - 2024-11-15T17:04:33.470Z - [WATCHER]: Processing file changes in outputs
[NX Daemon Server] - 2024-11-15T17:04:39.298Z - [WATCHER]: Processing file changes in outputs
[NX Daemon Server] - 2024-11-15T17:04:39.504Z - [WATCHER]: Processing file changes in outputs
[NX Daemon Server] - 2024-11-15T17:04:39.646Z - [WATCHER]: Processing file changes in outputs
[NX Daemon Server] - 2024-11-15T17:04:39.722Z - [WATCHER]: Processing file changes in outputs
[NX Daemon Server] - 2024-11-15T17:04:39.775Z - [WATCHER]: Processing file changes in outputs
[NX Daemon Server] - 2024-11-15T17:04:40.232Z - [WATCHER]: Processing file changes in outputs
[NX Daemon Server] - 2024-11-15T17:04:40.297Z - [WATCHER]: Processing file changes in outputs
[NX Daemon Server] - 2024-11-15T17:04:40.349Z - [WATCHER]: Processing file changes in outputs
[NX Daemon Server] - 2024-11-15T17:04:40.401Z - [WATCHER]: Processing file changes in outputs
[NX Daemon Server] - 2024-11-15T17:04:40.518Z - [REQUEST]: Responding to the client. recordOutputsHash
[NX Daemon Server] - 2024-11-15T17:04:40.518Z - Done responding to the client recordOutputsHash
[NX Daemon Server] - 2024-11-15T17:04:40.518Z - Handled RECORD_OUTPUTS_HASH. Handling time: 2. Response time: 1.
[NX Daemon Server] - 2024-11-15T17:04:40.545Z - [REQUEST]: Responding to the client. handleRecordTaskRuns
[NX Daemon Server] - 2024-11-15T17:04:40.546Z - Done responding to the client handleRecordTaskRuns
[NX Daemon Server] - 2024-11-15T17:04:40.546Z - Handled RECORD_TASK_RUNS. Handling time: 11. Response time: 1.
[NX Daemon Server] - 2024-11-15T17:04:40.548Z - [REQUEST]: Responding to the client. handleGetFlakyTasks
[NX Daemon Server] - 2024-11-15T17:04:40.549Z - Done responding to the client handleGetFlakyTasks
[NX Daemon Server] - 2024-11-15T17:04:40.549Z - Handled GET_FLAKY_TASKS. Handling time: 0. Response time: 1.
[NX Daemon Server] - 2024-11-15T17:04:41.363Z - Closed a connection. Number of open connections: 0
